gots={'D', 'N', 'R', 'H', 'B', 'G', 'I', 'K', 'P', 'Z', 'A', 'C', 'E', 'Q', 'O', 'J'} len(gots)=16
###############################################################################################################################@###############################################################################################################################
#.A.#.#...#...#.#.#.....#.#.#.#.#.#...#.#.....#...#.#.#.#...#.#.#.#.#.#.#.#.#.#.#.A.#..G...#.#.#...#...#.#.#.#@@@@@#.#.#.#.#.#@@@#.#.#.#.#.#.#...#.#...#.#.#.#.#...#.#.G..#.N.#...#.#.#.#.#.#.#.#.....#.....#.#.#.#.....#.#...#.#.#.#.#.#.#.#.#.#.#.#...#...N.#
#.A.#...#.#.#.....#.#.#.#.#...#.....#.#.#.#.#.#.#.#.#...#.#.#.....#.#...#.......#.A..#.G.#.#.#.#.#.#.#...#.#@@@#.#@#.#@@@@@#@@@#@#.#...#.#...#.#.#...#.#.#.#.#.#.#.....G.#..N.#.#.#.#.#...#.#.#...#.#.#.#.#.#...#.#.#.#.#.#.#.....#.#.#.#.#.#.....#.#.#.#.#.N.#
#.A...#.#...#.#.#.#.#.#.....#.#.#.#.#.#.#.#.#.#.#...#.#.#.#...#.#...#.#.#.#.#.#...A.#..G.#.#.#.#.#...#.#.#@@@#.#.#@#.#@#.#@#@#.#@#.#.#.#...#.#.#.#.#.#.#.#.#.#...#.#.#.G..#.N.#.#.#.#...#...#...#.#.#.#.#.#.#.#.#.#.#.#.#.#.#.#.#.....#.#.#...#.#.#...#...#.N.#
#.A.#.#.#.#.#.#.#.#.#.#.#.#.#.#.#.#.#.#.#...#...#.#.#.#...#.#.#.#.#...#...#.#.#.#.A..#.G.#.#...#.#.#.#.#.#@#.#.#.#@@@#@#.#@@@#..@@@#.#...#.#.#.#...#.#.#.#.#.#.#.#.#.#.G.#..N.#.#.....#.#.#.#.#.#.#.#.#.#.#...#...#.#.#.#.#.#.#.#.#.#...#...#.#.#...#.#.#.#.N.#
#.A.#.#.#.#.#.#.#.....#.#.#.#.#.#.#.#.#.#.#...#.#.#...#.#.#.#.#.#.#.#.#.#.#.#.#.#.A.#..G.....#...#.#.#.#@@@#.#.#.#.#@@@#.#.#.#.#.#@#.#.#.#.#.#...#.#.....#.#...#.#.#.#.G..#.N.#.#.#.#.#.#.#...#.#.#.#.#.#.#.#.#.#...#...#...#.#.#.#.#.#...#.#.#.#.#.#.#.#.#.N.#
#.A.#...#.#.#.#.#.#.#.#.#.#.#...#.#.#.#...#.#.#.#.#.#.#.#...#.#...#.#.#.#.#.#.#.#.A..#.G.#.#.#.#.#.#.#.#@#.#.#.#.#.#.#.#.#.#...#.#@#.#.#.#.#.#.#.#.#.#.#.....#.#.#.#...G.#..N.#.#.#.#.#.#.#.#.#.#.#.#...#.#.#.#.#.#...#...#.#.#...#.#.#.#.#.#.#.#.#.#.#.#...N.#
#.A.#.#.#...#.#.#.#.#.#.....#.#.#.#.#.#.#.#.#.#.#.#.#.#.#.#.#.#.#.#.#...#...#.#.#.A.#..G.#.#.#.#@@@#@@@#@#.#.#.#.#.#.#.#...#.#.#.#@@@@@#...#...#.#.#.#.#.#.#.#.#.#.#.#.G..#.N.#...#.#.#.#.#.#.#.#.#.#.#.#...#...#.#.#.#.#.#...#.#...#.#.#.#...#.#.#...#.#.#.N.#
#.A...#...#...#.#.#.#.#.#.#...#.#.#.....#.#.#.#...#.#.#.#.#...#.#...#.#.#.#.....#.A..#.G.#.#.#.#@#@@@#@@@#.#.....#...#.#.#...#.#.#.#.#@@@#.#.#.#.....#.#.#.#.#.#.#.#.#.G.#..N...#.#.#.#...#.#.#.#.#...#.#.#.#.#.#.#.#.#.#.#.#.#.#.#.#...#.#.#.....#.#.#.#.#.N.#
#.A.#.#.#.#.#.#...#.#...#.#.#.#.....#.#.#...#...#.#.#.#.#.#.#.#.#.#...#.#.#.#.#.#.A.#..@@@@#.#.#@#.#.#.#.#...#.#.#.#.#.#.#.#.#.#.#.#.#.#@#.#.#.#.#.#.#.#.#.#.#.......#.G..#.N.#.#.#.#.#.#.#.#.#.#.#.#.#...#...#.....#.#.#.#.#.#.#.#.#.#.....#.#.#.#.#...#.#.N.#
#.A.#.#.#.#.#...#.#.#.#.#.#.#...#.#.#.#.#.#...#.#.#.......#.#.#.#.#.#.#.#.#.#.#.#.A..#.G.#@@@@@@@#.#.#.#.#.#.#.#...#.....#.#.#...#.#.#.#@#@@@#.#.#.#.#.#.#.#.#.#.#.#...G.#..N.#.#.#.#...#.#...#...#.#...#.#.#.#.#.#.#.#.#.#.#.#.#.#...#.#.#.#.#.#...#.#...#.N.#
#.A.#.#.#.#.#.#.#.#.#.#.#.#.#.#.#.#.#.#...#.#.#.#.#.#.#.#.#.#...#.#.#.#.#.#.#.#@@@@.#..G.#.#.#.#@#.#.#.#...#.#.#.#.#.#.#.#.#.#.#.#.#.#.#@@@#@#.#.#.#.#.#.#.....#.#.#.#.G..#.N.#@@@#...#.#...#.#.#...#.#.#.#.#.#.#.#.#.#.#...#...#.#.#.#.#.#.#.#.#.#.#.#.#.#.N.#
#.A.#.#.#.#.#.#.#...#.#.#.#.#.#.#.#.#...#.#.#.#.#...#.#.#.#...#.#.#.#.#...#.#@@@#.A..#.G.#.#.#.#@@@#.#.#.#.#.#.#.#.#.#.#.#.#.#.#.......#.#.#@@@@@#.#.#.....#.#.#.#.#.#.G.#..@@@@#@@@#.#.#.#.#...#.#...#.#.#.#.#.#.#.#.#...#.#.#.#...#.#.#.#.#.#.#.#.#.#.#...N.#
#.A.#.#.#.#.#.#...#.#...#.#...#...#.#.#.#...#.....#.#.#.#...#.#.#...#.#.#@@@#@#.#.A.#..G.#.#.#.#.#@#.#.#.#...#.#.#...#.#.....#.#.#.#.#.#.#.#.#.#@#.#.#.#.#.#.#.#.#...#.G..#.N.#.#@#@#.#.#.#.#.#.#.#.#.#.#.#.......#.#...#.#.#.#...#.#.#...#...#.#.#.#...#.#.N.#
#.A...#...#.#.#.#.#.#.#.#.#.#.#.#.#.#.#.#.#.#.#.#.#...#...#.#.#.#.#@@@#.#@#@#@#.#.A..#.G.#.#.#.#.#@#@@@#.#.#...#.#.#.#.#.#.#.#...#.#.#.#.#...#.#@#.#.#.#.#.#.#.#.#.#.#.G.#..N.#.#@#@#.#@@@#.#.#...#.#.....#.#.#.#.#.#.#.#.#...#.#.#.#.#.#...#.#.#.#...#...#.N.#
#.A.#.#.#.#.#...#.#...#.#...#...#...#.#.#.#.#.#.#.#.#...#.#.#...#.#@#@@@#@#@#@#...A.#..G.#.......#@@@#@#...#.#...#.#.#...#.#...#.#.#.#...#.#.#.#@#.#.#.#.#.#.#.....#.#.G..#.N.#.#@#@#@@@#@#.#.#.#...#.#.#.#.#.#.#.#.#.#.#...#.#.#.#...#.#.#.#...#...#.#.#.#.N.#
#.A.#...#.....#.#...#.#...#.#.#.#.#.......#.#.#.#...#.#.#.#.#.#...#@#.#@@@#@@@#.#.A..#.G.#.#.#.#.#.#.#@..#.#.#.#...#...#.#.#.#.#.....#.#.#.#...#@@@@@@@@@......#.#.#.#.G.#..N...#@@@@@#.#@@@....#.#.#.#.#...#.#.#.....#...#.#...#.#.#...#.#.#.#...#.#.#.#.#.N.#
#################.#################################################@#################.################@#################################################@################.#################@#################################################.#################
#...#.#.#.#.#.#.#.#.....#.#.#.#.#.B.B.B.B.B.B.B.B.B.#.#.#.#...#.#.#@#...#.#...#.#@@@.#@@@#...#.#.#.#.#@#.#.....#.#.#.#.H.H.H.H.H.H.H.H.H.#.#.#.#.#.#.#..@#.....#.#.#.#...#.@@@#...#.#.#.#.#@@@#.#...#.#.#.#.O.O.O.O.O.O.O.O.O.#.#.#.#.#.#.#.#...#.#.#.....#...#
#.#.#.#.#.#.#.#.#.#.#.#.#...#.#.B.B...............B.B.#.#.#.#.#.#.#@#.#.#.#.#.#@@@#@#.@#@#.#.#.#.#.#.#@#.#.#.#...#.#.H.H...............H.H.#.#.#.#.#.#.#@..#.#.#.#.#.#.#..#@#@#.#...#.#.#.#@#@#.#.#...#.#.O.O...............O.O.#.#.#.#.#.#...#.#.#...#.#...#.#
#.#.#.#...#.#.#.#...#.#...#.#.B.B.....~~~~~~~~~.....B.B.#.#.#.....#@@@#.#.#.#.#@#.#@.#@#@#.#.#.#@@@@@#@#...#.#.#.#.H.H.....~~~~~~~~~.....H.H.#...#.#.#.#@#.#.#.#.....#.#.#.@#@#.#.#.#.#.#.#@#@@@#.#.#.#.O.O.....~~~~~~~~~.....O.O.#.#.#.#.#.#.#.#.#.#.#.#.#.#.#
#.#.#.#.#.#.#.#.#.#.#.#.#.#.#.B....~~~~~~~~~~~~~~~....B.#...#.#.#@@@#@#.#.#.#.#@#.#@#.@#@#.#...#@#.#@@@#.#.#.#.#.#.H....~~~~~~~~~~~~~~~....H.#.#.#...#.#@#.#.#.#.#.#.#.#..#@#@#.#.#.#.#...#@#.#@#.#.#.#.O....~~~~~~~~~~~~~~~....O.#.#.#.#.#.#.#.#...#.#.#.#.#.#
#.#.....#.#.#.#.#.#.#.#.#.#.B.B...~~~~~~~~~~~~~~~~~...B.B.#.#.#.#@#.#@#@@@#.#.#@#.#@.#@#@#.#.#.#@#.#.#.#.#.#.#.#.H.H...~~~~~~~~~~~~~~~~~...H.H.#.#.#.#.#@#.#.#...#.#...#.#.@#@#.#.#.....#.#@#.#@#.#.#.O.O...~~~~~~~~~~~~~~~~~...O.O.#.#.#.#.#...#.#.#.#...#.#.#
#.#.#.#.#.#.#.#.#.#.#.#.#...B...~~~~~~~~~~~~~~~~~~~~~...B.#.#.#.#@#.#@@@#@@@#.#@#.#@#.@#@#.#.#.#@#.#.#...#...#.#.H...~~~~~~~~~~~~~~~~~~~~~...H.#.#.#.#.#@#.#.#.#.#.#.#.#..#@#@#.#.#.#.#.#.#@#.#@#.#.#.O...~~~~~~~~~~~~~~~~~~~~~...O.#.#.....#.#.#.#...#.#.#.#.#
#.#.#.#.#.........#.#.#.#.#.B...~~~~~~~~~~~~~~~~~~~~~...B.#.#.#@@@#.#.#.#.#@#.#@#.#@.#@#@#.#.#@@@#...#.#.#.#.#.#.H...~~~~~~~~~~~~~~~~~~~~~...H@@@#.#.#.#@#.#...#.#.#.#.#.#.@#@@@#.#.#.#.#.#@#.#@@@#.#.O...~~~~~~~~~~~~~~~~~~~~~...O.#.#.#.#...#.#.#.#.#.#.#.#.#
#.#.#.#.#.#.#.#.#.#.#.#.#.#.B...~~~~~~~~~~~~~~~~~~~~~...B.#.#.#@#.#.#.#.#.#@@@@@#.#@#.@#@#.#.#@#.#.#.#.#.#.#.#.#.H...~~~~~~~~~~~~~~~~~~~~~...H@#@#.#@@@@@....#.#.#.#.#.#..#@#.#@#.#.#.#.#@@@#...#@#.#.O...~~~~~~~~~~~~~~~~~~~~~...O.....#.#.#.#.#...#.#.#.#.#.#
#.#.#.#.#.#.#.#.#.#...#.#.#.B.B...~~~~~~~~~~~~~~~~~@@@@@@@#@@@#@#.#.#.#...#.#.#.#.#@.#@#@@@@@@@#.#.#.#.#.#.#.#.#.H.H...~~~~~~~~~~~~~~~~~...H@@@#@@@#@#.#.#.#.#.#.#.#.#.#.#.@#.#@@@#.#.#@@@#.#.#.#@#.#@@@O...~~~~~~~~~~~~~~~~~...O.O.#.#.#.#.#.#...#.#...#.#.#.#
#.#.#.#...#.#.#.#...#.#.#.#.#.B....~~~~~~~~~~~~~~~@@..B.#@#@#@@@#.#...#.#.#.#.#.#.#@#.@#.#.#.#.#.#.#.#...#.#.#.#.#.H....~~~~~~~~~~~~~~~....H@#.#.#@#@#.#.#.#.#.#.#...#.#..#@#.#.#@#.#.#@#.#.#.#.#@@@#@#@O....~~~~~~~~~~~~~~~....O.#.#.#.#.#.#.#.#.#.#.#.#...#.#
#.#.#.#.#.#...#.#.#.#.#.#.#.#.B.B.....~~~~~~~~~@@@@.B.B.#@@@#.#.#.#.#.#.#.#.#.#...#@.#@#.#.#.#.#...#.#.#.#.#.#...#.H.H.....~~~~~~~~~.....H@@@#.#.#@@@#.#.#.#.#.#.#.#.#.#.#.@#...#@#.#.#@#.#...#.#.#@#@#@@@O.....~~~~~~~~~.....O.O.#.#.#...#.#.#.#.#.#.#.#.#.#.#
#.#.#.#.#.#.#.#.#.#.#.....#.#.#.B.B.B.........@@B.B.B.#.#.#.#.#.#.#.#.#.#...#.#.#.#@#.@#.#.#.#.#.#.#.#.#...#.#.#.#.#.H.H.H...........H@@@@@#.#.#.#.#.#.#.#.#.#.....#.#.#..#@#.#.#@@@#@@@#...#.#.#.#@@@#.#@@@@@O...........O.O.O.#.#...#.#.#.#.#.#.#.#.#.#.#.#.#
#.#.....#...#.....#.#.#.#.#.#.#.#.#.B.B.B.B.B.@.B.#.#.#.#.#.#.#.#...#.#.#.#.#...#.#@.#@#...#.#...#.#...#.#.#...#.#.#.#.#.H.H.H.H.H.@@@@#.#.#.#.#...#...#.#.#.#.#.#.#...#.#.@#.#.#.#@@@#.#.#.#.#...#.#.#.#.#.#@@@@.O.O.O.O.O.#.#.#.#.#...#...#.#...#.#.#.#.#.#.#
#.####################################.#.#.#.#@####################################@#.@####################################.#.#.#.#@####################################..#@####################################@#.#.#.#.####################################.#
#.C.#...#.#.#.#...#.#...#.#...#.#.#.#..#.#.#.#@@#.#.#.#.#.#.#.#.#.#.#.#.#.#.#.#.#.C@.#@@.#.#.#...#.#.#.#.#.#.#.#.#.#.#.#.#..#.#.#.#@.#.#.#.#.#.#.#.#.#.#.#.#.#.#...#.#.I.#.@@.#.#.#.#...#.#.#.....#.#.#.#.#.#.#.@#.#.#.#..#.#.......#...#.#.#.#.#.#.#.#.#.#.P.#
#.C.#.#.#.#.#.#.#...#.#.#.#.#.#.#.#.#..........@#.#.#.#.#.#...#.#.#.#.#.#...#...#.C@#.@I.#.#.#.#.#.#.#...#.#.#.#.#.#.#.#.#........@@.#.#.#.#.#...#.#.#.#.#.#.#.#.#...#.I..#@P.#.#.#...#.#.#.#.#.#.#.#.#.#.#.#.#@@...........#.#.#.#.#.#.#...#.#.#.#.#.#.#.#.P.#
#.C.#.#...#.#...#.#...#.#.#.#.#.#.#.#.#.#.#...#@#.....#.#.#.#...#.#.#.#.#.#...#.#.C@.#@I.....#.#.#.#...#.#.#.#.#.#...#.#...#.#.#.#@#.#.#.....#.#.#.#.#.#.#.#.#.#.#.#.#.I.#.@P.#.#.#.#.#.#.#...#.#...#.....#.#..@#...#.#.#.#.#.#.#.#.#.#.#.#.#.....#.#.#.#.#.P.#
#.C...#.#...#.#.#.#.#.#.#.#.#.#...#.#.#.#.#.#.#@#.#.#.#...#.#.#.#.#...#...#.#.#...C@#.@I.#.#.#.#.#.#.#.#.#.#.#...#.#.#.#.#...#.#.#@#.#...#.#.#.#.#.#.....#.#.#.#.#.#.#.I..#@P.#.#.#.#.#.#.#.#.#.#.#.#.#.#.#.#.#@#.#.#.#.#.#...#.#.#...#.#.#.#.#.#.#...#.#.#.P.#
#.C.#.#.#.#.#.#.#.#.#...#.#.#.#.#.#.#.#...#.#.#@..#.#...#.#.#.#.#.#.#.#.#.#.#.#.#.C@.#@I.#.#.#.#.#.#.#.#.#.#.#.#.#.#.#.#.#.#.#.#.#@#.#.#.#.#.#.#...#.#.#.#.....#.#.#.#.I.#.@P.....#.#.#.....#...#.#.#.#.#.#.#.#@..#.#.#...#.#.#.#.#.#.#.#.#.#.#.#.#.#.#...#.P.#
#.C.#.#.#.#...#.#.#.#.#.....#.#.#...#.#.#.#.#.#@#.#.#.#.#.#.#.#.#...#.#.#.#.#.#.#.C@#.@I.#.#.#.#.#.#.#.#.#.#.#.#...#.#.#.#.#.....#@#.#.#.#.#.#.#.#.#.#.#...#.#.#...#.#.I..#@P.#.#.#.#...#.#.#.#.#.#.#.#.#.#.#.#@#.#.#...#.#.#...#.#.#.#.#.#.#.#.#.#.#.#.#.#.P.#
#.C.#.#.#.#.#.#.#.#.#.#.#.#...#.#.#...#.#...#..@#.#.#.#.#...#.#.#.#.#.#.#.#.#.#.#.C@.#@I.#.#.#.#.#.#.#.#...#...#.#.#.#.#.#.#.#.#..@#.#.#.#.#.#.#.#.#.#.#.#.#.#...#.#...I.#.@P.#.#.#...#.#.#.#.#.#...#.#.#.#.#.#@#.#.#.#.#.#.#.#.#.#.#.#.#.#...#...#.#.#.#.#.P.#
#.C.#.#.#.#.#.#.#...#.#.#.#.#.#.#.#.#.#.#.#.#.#@#.#.#.#.#.#.#.#.#.#.#.....#.#.#.#.C@#.@I.#.#.#.#.#...#.#.#...#...#.#.#.#.#.#.#.#.#@#.#.#.#.#.#.#.#.....#.#.#.#.#.#.#.#.I..#@P.#.#.#.#.#.#.#.#.#.#.#...#.#...#.#@#.#.#.#.#.#.#.#.#.#.#.#...#.#.#.#.#.#...#...P.#
#.C.#.#.#.#.#.#.#.#.#.#.#.#.#.#.#.#.#.#...#.#.#@#.#.#.#.#.#.#.#.#.#.#.#.#...#.#.#.C@.#@I.#.#.#.#.#.#.#.#.#.#.#.#.#.#...#.#.#.#.#.#@#...#.#.#...#.#.#.#...#.#.#.#.#.#.#.I.#.@P.#.#.#.#.#.#.#.#.#.#.#.#.#.#.#.#.#@#.#.#.#.#.#.#.#.#...#.#.#.#.#.#.#.#...#.#.#.P.#
#.C.#.#.#.#.#.#.#.#.#.#.#.#.#...#...#.#.#.#...#@#...#...#.#.#.#...#.#.#.#.#.#...#.C@#.@I.#.#...#...#.#...#.#.#.#.#...#...#...#...#@..#.#...#.#...#.#.#.#.#...#.#.#.#.#.I..#@P.#.#...#.#.#.#.#.#...#.#.#.#.#...#@#.#.....#.#...#.#.#.....#.#.#.#.#.#.#.#.#.#.P.#
#.C.#...#.#.#.#.#.#.#.#.#.#.#.#.#.#...#.#.#.#.#@#.#...#...#.#.#.#.#...#.#.#.#.#.#.C@.#@I.#.#.#.#.#.#.#.#.#.#.#.#.#.#.#.#.#.#.#.#.#@#.#.#.#.#.#.#.#.#.#.#.#.#.#.#.#.#...I.#.@P.#.#.#.#.#...#.#.#.#.#.#.#.#.#.#.#@#.#.#.#.#.#.#.#.#.#.#.#.#...#.#.#...#.#...#.P.#
#.C...#.#...#.#.#.#...#.#.#.#.#...#.#.#.#.#.#.#@#.#.#.#.#.#.#.#.#.#.#.#.#.#.#.#.#.C@#.@I.#.#.#.#.#.#.#.#.#.#.#.#...#.#.#...#.#.#.#@#.#.#.#.#.#.#.#.#.#.#.#.#.#.#.#.#.#.I..#@P.#.#.#.#.#.#.#.#.#.#.#.#.#...#.#..@#...#.#.#...#.#.#.#.#.#.#.#.#.#.#.#.#.#.#.#.P.#
#.C.#.#.#.#...#...#.#.#.#.#.#.#.#.#.#.#.#.#.#.#@#.#.#.#.#...#...#.#.#.#.#.#.#.#.#.C@.#@I.#.#.#.#.#.#...#.#.#.#.#.#.#.#.#.#.#.#.#.#@#.....#.#...#.#.#.#.#...#.#.#.#...#.I.#.@P.#.#.#.#.#.#...#.#.#.#.#.#.#...#.#@#.#.#.#.#.#.#.#.#.#.#.#.#.#.#.#.#.#.#...#.#.P.#
#.C.#.#...#.#.#.#.#.#.#.#.#.#.#.#.#.#.#.#.#.#.#@#.#.#.#.#.#...#.....#.#.#.#...#...C@#.@I.#...#.#...#.#.#...#...#.#.#.#.#.#.#...#.#@#.#.#.#...#.#.#...#.#.#.#.#.#.#.#.#.I..#@P.#...#.#.#.#.#.#.#.#.#...#.#.#.#.#@#.#.#.#.#.#.#.#.#.#.#.#.#.#.#...#.#.#.#.#.#.P.#
#.C.#.#.#.#.#.#.#.#.#.#.#...#...#.#.#...#.#.#.#@..#.#.#.#.#.#.#.#.#.#.#.#.#.#.#.#.C@.#@I...#.#.#.#.#.#.#.#.#.#.#.#.#.....#.#.#.#.#@..#.#.#.#.#.#...#.#.#.#.#.#...#.#.#.I.#.@P...#.#.#.#.#.#...#.#.#.#.#.#.#...#@..#.#.#.#.#.#.#.#.#.#.#...#.#.#.#.#.#.#.#...P.#
#.C.#.#.#.#.#...#.#.#.#...#.#.#.#.#.#.........@@#.#.#.#.#.#.#.#.#.#.#...#.#.#.#.#.@@#.@I.#.#.....#...#.#.#...#.#.#.#.#.#.#........@@.#.#.#.#.#.#.#.#.#.#.#.#...#.#.#.#.I..#@P.#.#...#.#.#.#.#.#.#.#.#...#.#.#.#@@.........#.#.#...#.#.#.#.#...#.#...#.#.#.#.P.#
#.####################################.#.#.#.#@####################################@.#@####################################.#.#.#.#@####################################.#.@####################################@#.#.#.#.####################################.#
#.#.#.#.#...#.#.#.#.#.#.....#.#.#.#.#.........@@#.#.#.#.#.#.#.#.#.#.#.#.#.#.#.#.#.#@#.@#.#.#.#...#@@@#@@@#...#.#...#.#.#.#.........@.#.#.#.#.#...#...#.#.#.#.#.#.#.#.#.#..#@#.#.#.#.#.#.#.#.#.#.#.#.#.#.#...#.#@@...........#.#.#.#.#...#.#.#.#.#.#.#.#.#.#.#.#
#.#.#.#.#.#.#.#.#.#...#.#.#.#.#.#.#...#.#.#....@#...#...#.#.#...#.#.#.#.#.#.#.#.#.#@.#@#.#...#.#.#@#@@@#@#.#.#.#.#.#.#...#.#.#.#.#.@@@@#.#.#.#.#.#.#.#.#...#.#.#.#.#.#.#.#.@#.#.#.....#.#.#.....#.#.#.#.#.#.#.#@#.#.#...#.#.#...#.#.#.#.#.#.#.#.#.#.#.#.#...#.#
#.#.#.#...#.#.#.#.#.#.#.#.#...#.#.#.#.#.....#.#@#.#.#.#.#.#.#.#.#.....#...#...#.#.#@#.@#.#.#.#.#.#@#.#.#@#.#.#.#.#.#.#.#.#.#.#.#.#.#.#@@@#.#...#...#.#.#.#.#.#...#.....#..#@#...#.#.#.....#.#.#.#.#.#.#.#.#.#.#@#.#.#.#.#.#.#.#.#.#...#...#.#.#.#...#.....#.#.#
#.#.#.#.#.#.#...#...#.#.#.#.#...#.#.#.#.#.#.#.#@@@#...#.#.#.#.#...#.#...#...#.#.#.#@.#@#.#.#.#.#.#@#.#.#@#.#.....#.#...#.#.....#.#.#.#.#@#.#.#.#.#.#.#.#.#.#...#.#.#.#.#.#.@#.#.#.#.#.#.#.#.#.#.#...#.#.#.#...#@#.#...#.#.#...#.#.#.#.#.#.#.#.#...#...#.#.#.#.#
#.#.#.#.#.#.#.#...#.#.#.#.#.#.#...#.#...#.#.#.#.#@#.#.#...#.#.#.#.#.#.#.#.#.#.#.#.#@#.@#.#.#.#@@@@@#.#.#@#.#.#.#.#...#.#.#.#.#.#.#.#.#.#@#.#.#.#.#.#.#...#...#.#.#.#.#.#..#@#.#...#.#.#.#.#.#.#...#.#.#.#.#.#.#@#.#.#.#.#.#.#.#.#.#.#.#.#.....#.#.#.#.#.#.#.#.#
#.#.#.#.#.#...#.#.#.#...#.#.#.#.#.#.#.#.#.#...#.#@#.#.#.#.#...#.#.#.#.#.#.#.#.#.#.#@.#@#.#.#.#@#.#.#.#.#@#.#.#.#...#.#.....#.#.#.#.#.#.#@@@@@#.#.#.....#...#.#.#...#.#.#.#.@#.#.#.#.#.#.#...#.#.#.#.#@@@#.#.#.#@#.#.#...#.#.#.#.#.#.#.#.#.#.#.#.#.#.#.#.#.#.#.#
#.....#.#.#.#.#.#.#.#.#.#.#.#.#.#...#.#...#.#...#@@@#.#.#@@@#.#.#.#.#.#.#.#.#..@@@@@#.@@@@@#..@#.#.#.#.#@@@@@#.#.#.#.#.#.#.#.#...#.#...#.#.#@@@#@@@#.#.#.#.#.#.#.#.#.#....#@@@#.#.#.#.#@@@#.#.#.#.#@@@#@#.#.#.#@#.#.#.#.....#.#...#.#.#.#.#.#...#.#.#.#.#.#...#
#.#.#...#...#.#.#.#.#.#.#.#.#...#.#.#.#.#.#.#.#...#@#.#.#@#@#.#.#.#.#.#.#.#.#.#@#.#..#.#.#@#.#@#.#.#.#.#.#.#@#.#.#.#...#.#.#.#.#.#.#.#.#.#.#.#@#@#@#.#.#.#.#.#.#.#.#.#.#.#..#@#.#.#.#.#@#@#.#.#.#@@@#.#@@@#.#@@@#.#.#.#.#.#.#.#.#...#.#.#.#.#.#.#.#.#.#.#.#.#.#
#.#.#.#.#.#.#.#.#...#.#...#.#.#.#.#.#.#.#.#.#.#.#.#@@@@@@@#@#.#@@@#.#.#.#.#.#.#@#.#.#..#.#@#.#@#.#.#.#.#.#.#@..#.#.#.#.#.#.#...#.#...#.#.#.#.#@#@#@#.#.#.#...#...#.#.#.#..#.#@@@@@@@@@#@#@#.#.#.#@#.#.#.#@@@@@#.....#.#.#.#...#.#.#.#...#...#.#.#.....#...#.#.#
#.#.#.#.#.#.#.#.#.#.#.#.#.#...#...#.....#.#.#.#.#.#.#.#.#.#@@@@@#@@@#.#.#.#.#.#@#.#..#.#.#@#.#@#...#...#.#.#@#.#.#.#.#.#.#.#.#.#.#.#.#...#.#.#@@@#@#.#.#.#.#.#.#.#.#...#.#..#.#.#.#.#@#@#@@@#.#.#@#.#.#.#.#.#.#.#.#.#.#.#.#.#.#.#.#.#.#.#.#.#.#.#.#.#.#.#.#.#.#
#.#.#.#...#...#.#.#.#...#.#.#.#.#...#.#.#...#.#.#.#.#.#.#.#.#@#.#.#@#.#.#.#.#@@@#.#.#..#..@#.#@#.#...#.#.#.#@#...#.#.#.#.....#.#...#.#.#.#.#.#.#.#@#.#...#.#...#.#.#.#.#..#.#.#.#.#.#@@@#.#@@@@@@@#.#...#.#.#.#.#.#...#.#.#.#.#...#.#.#.#.#.#.#...#.#...#.#.#.#
#.#.....#.#.#.#.#.#...#.#...#.#.#.#.#.#.#.#.#.#.#.#.#.#.#.#.#@#.#.#@#.#@@@#.#@#...#..#.#.#@@@@@#.#.#.#.....#@#.#.#...#.#.#.#.#.#.#.#.#.#.....#.#.#@#...#.#.#.#.#.....#.#.#..#.#.#.#.#.#.#.#.#.#.#@#...#...#.#.#.#.#.#.#...#.#...#...#.#.#.#.#.#.#.#.#.#.#...#.#
#.#.#.#.#.#.#.....#.#.#.#.#.#.#.#.#.#.#.#.#.#.#.#.#.#.#.#...#@#.#.#@@@@@#@@@@@#.#.#.#..#.#.#.#.#.#.#.#.#.#.#@#.#.#.#.#.#.#.#.#.#.#.#.#.#.#.#.#.#.#@#.#.#.#.#.#.#.#.#.#.#..#.#.#.#.#.#.#.#.#.#.#.#@#.#.#.#.#.#.......#.#.#.#.#.#.#.#...#...#.....#.#.#.#.#.#.#.#
#######################.#####################################@######################.#######################@#####################################@#######################.######################@#####################################.#######################
#...#.#.#.#.#.#.#.#.#.#...#.#...#.#...............#.#.#.#.#@@@#@@@#...#.#...#...#@@@#.@@@#.#@@@#...#.#.#@@@@@@@@@@@#.#.#...............#.#.#.#.#.#@#.#.#...#.#.#...#@@@@@.#@@@#.#.#.#.#.#.#.#.#.#@#.#@@@#.#.#.................#.#.#.#.#.#.#.#.#...#.#...#.#...#
#.#.....#...#.#.#.#.#.#.#.#.#.#.#........###......#.#.#.#.#@#@@@#@#.#.#.#.#.#.#.#@#@.#@#@#.#@#@@@#.#.#.#@#.#.#.#.#@#.#.#......###......#.#.#.#.#..@#.#.#.#.#.#.#.#.#@#.#@#.@#@#@@@@@@@#.#.#.#@@@#@#@@@#@#.#.#......###......#.#...#.#.#.#.#.#.#.#.#.#.#.#.#.#.#
#.#.#.#.#.#.#.#.......#.#.#.#.#...#....#######....#.#.#.#@@@#.#.#@@@#.#@@@#...#.#@#@#.@#@#.#@#.#@#.#@@@@@#.#.#.#.#@#.#.#....#######....#.#.#.#...#@#.#.#.#.#.#...#.#@#.#@.#@#@#@#.#.#@#.#.#.#@#@@@#@#.#@@@@@#....#######....#.#.#.#.#.#.#.....#.#...#.#.#.#.#.#
#.#.#.#.#.#.#.#.#.#.#...#...#.#.#.#...#########.....#.#.#@#.#.#.#.#@#@@@#@#.#.#.#@#@.#@#@#@@@#.#@#.#@#.#.#.#.#.#.#@#.#.#...#########...#.#.#...#.#@#.#.#.#.#.#.#.#.#@#.#@#.@#@#@#.#.#@#.#.#.#@#.#@@@#.#.#@#@#...#########...#.#.#...#.#.#.#.#.#.#.#.#.#.#.#.#.#
#.#.#.#.#.#...#.#.#.#.#.#.#.#.#.#.#...#########...#.#.#.#@#.#.#.#.#@@@#.#@#.#.#.#@#@#.@#@#@#.#.#@@@#@#.#.#.#.#...#@#.#.....#########.......#.#.#.#@@@#.#.#.#.#.#.#.#@#.#@.#@#@@@#.#.#@#.#.#@@@#.#@#.#.#.#@#@@@@@#########...#.#.#.#.#.#...#.#.....#...#.#.#.#.#
#.#...#...#.#...#.#.#.#.#.#...#.#.#....#######....#.#.#@@@#.#.#.#.#.#.#.#@@@#.#@@@#@.#@#@#@#.#.#.#@@@#.#.#.#.#.#.#@#...#....#######....#.#.#.#.#.#.#@..#.#.#...#.#@@@#.#@#.@#.#@@@#.#@@@#.#@#.#.#@#.#...#@#.#..@@#######....#.#.#.#.....#.#.#.#.#.#.#.#...#.#.#
#.#.#.#.#.#.#.#.#.#.#.#.#.#.#.#.#.#......###......#@@@#@#.#.#.#.#.#.#.#.#.#@#.#@#.#@#.@#@@@#.#...#.#.#.#.#...#.#.#@#.#.#......###......#.#.#.#.#.#.#@#...#.#.#.#.#@#@#.#@.#@#.#.#@#.#.#@#@@@#.#.#@#.#.#.#@#.#...@@@###......#...#.#.#.#.#.#.#.#.#.#.#...#.#.#.#
#.#.#...#.#.#.#.#.#.#.#.#.#.#.#.#.#.......#@@@@@@@@@#@@@#.#...#.#...#.#...#@#.#@#.#@.#@#.#.#.#.#.#.#...#.#.#.#.#.#@#.#.#.......#.......#.#.#.#.#.#.#@#.#.#...#.#.#@#@#.#@#.@#.#.#@@@#.#@@@#.#.#.#@#.#.#.#@@@#.....@@#.........#.#.#.#.#.#.#.#.#.#.#.#.#.#...#.#
#.#.#.#.#.#.#.#.#.#.......#.#.#...#.......#@.....@#.#.#.#.#.#.#.#.#.#.#.#.#@@@@@#.#@#.@#.#.#...#.#.#.#...#.#.#.#.#@@@#.#.......#.......#.#@@@@@#.#.#@#.#.#.#.#@@@#@#@#.#@.#@#.#.#.#@#.#.#.#.#.#@@@#.#.#.#.#@#......@#.......#.#.#...#.#.#.#.#.#.#.#.#.#.#.#.#.#
#.#.#.#.#.#.....#.#.#.#.#.#...#.#.........#@.....@#.#.#.#.#.#.#.#.#.#.#.#.#.#.#.#.#@.#@#.#.#.#.#.#.#.#.#.#.#.#.#...#@#@@@@@@@@@#.......#.#@#.#@#.#.#@@@#.#.#.#@#@#@#@#.#@#.@#...#.#@#.#.#.#@@@@@#.#.#.#...#@#......@#.......#.#.#.#...#...#.#.#.#...#.#.#.#.#.#
#.#.#.#.#...#.#.....#.#.#...#...#.#.......@@.....@#.#.#.#.#.#...#.#.#.#.#.#.#.#.#.#@#.@#.#.#.#.#.#.#.#.#.#.#...#.#.#@#@#......@@......@@@@@#.#@#@@@#@#@@@#.#@@@#@#@@@#.#@.#@#.#.#.#@#.#.#.#@#.#.#.#.#.#.#.#@@@.....@@.......#...#.#.#...#.#...#.#.#.#.#.#.#.#.#
#.#.#.#...#.#.#.#.#.#.#.#.#.#.#.#.#.......@@@@@@@@#...#.#...#.#.#.#.#.#.#.#.#.#...#@@#@#.#...#.#.#...#.#...#.#.#.#.#@#@#.......@@@@@@@@#.#.#.#@@@#@@@#.#@#.#@#.#@#@#...#@#@@#.#.#.#@@@#.#@@@#.#.#...#.#.#.#.#@@@@@@@@.......#.#.#.#.#.#.#.#.#...#.#.#.#.....#.#
#E#.#.#.#.#.#.#.#.#.#.#.#.#.#.#.#.#...............#.#.....#.#.#...#.#...#.#.#.#.#.#@@@@#...#.#.#.#.#.#.#.#.#.#.#.#..@@@#...............#.#...#.#.#.#.#.#@@@@@#.#@@@#.#.#@@@@#.#.#.#.#@@@@@#.#.#.#.#...#.#.#.#...............#.#...#.#.#.#...#.#.#.#...#.#.#.#R#
###############################################################################################################################################################################################################################################################
